TN:
SF:src/app.controller.ts
FN:6,(anonymous_2)
FN:9,(anonymous_3)
FNF:2
FNH:2
FNDA:1,(anonymous_2)
FNDA:1,(anonymous_3)
DA:1,1
DA:2,1
DA:5,1
DA:6,1
DA:9,1
DA:10,1
LF:6
LH:6
BRF:0
BRH:0
end_of_record
TN:
SF:src/app.module.ts
FNF:0
FNH:0
DA:1,0
DA:2,0
DA:3,0
DA:4,0
DA:5,0
DA:12,0
LF:6
LH:0
BRF:0
BRH:0
end_of_record
TN:
SF:src/app.service.ts
FN:5,(anonymous_1)
FNF:1
FNH:1
FNDA:1,(anonymous_1)
DA:1,1
DA:4,1
DA:6,1
LF:3
LH:3
BRF:0
BRH:0
end_of_record
TN:
SF:src/main.ts
FN:5,bootstrap
FNF:1
FNH:0
FNDA:0,bootstrap
DA:1,0
DA:2,0
DA:3,0
DA:6,0
DA:9,0
DA:15,0
DA:22,0
DA:23,0
DA:27,0
LF:9
LH:0
BRDA:10,0,0,0
BRDA:10,0,1,0
BRDA:22,1,0,0
BRDA:22,1,1,0
BRDA:24,2,0,0
BRDA:24,2,1,0
BRF:6
BRH:0
end_of_record
TN:
SF:src/prisma.service.ts
FN:9,(anonymous_2)
FN:12,(anonymous_3)
FN:16,(anonymous_4)
FNF:3
FNH:0
FNDA:0,(anonymous_2)
FNDA:0,(anonymous_3)
FNDA:0,(anonymous_4)
DA:1,2
DA:2,2
DA:5,2
DA:10,0
DA:13,0
DA:17,0
LF:6
LH:3
BRF:0
BRH:0
end_of_record
TN:
SF:src/auth/auth.controller.ts
FN:8,(anonymous_4)
FN:11,(anonymous_5)
FN:16,(anonymous_6)
FNF:3
FNH:0
FNDA:0,(anonymous_4)
FNDA:0,(anonymous_5)
FNDA:0,(anonymous_6)
DA:1,0
DA:2,0
DA:3,0
DA:4,0
DA:7,0
DA:8,0
DA:11,0
DA:12,0
DA:16,0
DA:17,0
LF:10
LH:0
BRF:0
BRH:0
end_of_record
TN:
SF:src/auth/auth.module.ts
FNF:0
FNH:0
DA:1,0
DA:2,0
DA:3,0
DA:4,0
DA:5,0
DA:6,0
DA:21,0
LF:7
LH:0
BRDA:13,0,0,0
BRDA:13,0,1,0
BRF:2
BRH:0
end_of_record
TN:
SF:src/auth/auth.service.ts
FN:14,(anonymous_2)
FN:19,(anonymous_3)
FN:53,(anonymous_4)
FNF:3
FNH:3
FNDA:5,(anonymous_2)
FNDA:3,(anonymous_3)
FNDA:5,(anonymous_4)
DA:1,1
DA:6,1
DA:7,1
DA:8,1
DA:13,1
DA:15,5
DA:16,5
DA:20,3
DA:24,3
DA:25,2
DA:28,1
DA:30,1
DA:38,1
DA:43,1
DA:54,5
DA:58,5
DA:59,2
DA:62,3
DA:67,3
DA:68,2
DA:71,1
DA:76,1
LF:22
LH:22
BRDA:24,0,0,2
BRDA:58,1,0,2
BRDA:67,2,0,2
BRF:3
BRH:3
end_of_record
TN:
SF:src/auth/dto/login.dto.ts
FNF:0
FNH:0
DA:1,0
DA:3,0
DA:5,0
DA:8,0
LF:4
LH:0
BRF:0
BRH:0
end_of_record
TN:
SF:src/auth/dto/register.dto.ts
FNF:0
FNH:0
DA:1,0
DA:3,0
DA:6,0
DA:9,0
DA:13,0
LF:5
LH:0
BRF:0
BRH:0
end_of_record
TN:
SF:src/products/products.controller.ts
FN:7,(anonymous_4)
FN:10,(anonymous_5)
FN:15,(anonymous_6)
FN:20,(anonymous_7)
FNF:4
FNH:0
FNDA:0,(anonymous_4)
FNDA:0,(anonymous_5)
FNDA:0,(anonymous_6)
FNDA:0,(anonymous_7)
DA:1,0
DA:2,0
DA:3,0
DA:6,0
DA:7,0
DA:10,0
DA:11,0
DA:15,0
DA:16,0
DA:20,0
DA:21,0
LF:11
LH:0
BRF:0
BRH:0
end_of_record
TN:
SF:src/products/products.module.ts
FNF:0
FNH:0
DA:1,0
DA:2,0
DA:3,0
DA:4,0
DA:10,0
LF:5
LH:0
BRF:0
BRH:0
end_of_record
TN:
SF:src/products/products.service.ts
FN:8,(anonymous_2)
FN:10,(anonymous_3)
FN:104,(anonymous_4)
FN:125,(anonymous_5)
FNF:4
FNH:4
FNDA:15,(anonymous_2)
FNDA:12,(anonymous_3)
FNDA:1,(anonymous_4)
FNDA:2,(anonymous_5)
DA:1,1
DA:2,1
DA:7,1
DA:8,15
DA:23,12
DA:25,12
DA:27,12
DA:28,2
DA:31,12
DA:32,2
DA:35,12
DA:36,1
DA:39,12
DA:40,0
DA:43,12
DA:44,2
DA:50,12
DA:51,4
DA:52,4
DA:53,4
DA:57,12
DA:58,1
DA:66,12
DA:67,1
DA:74,12
DA:96,12
DA:105,1
DA:126,2
DA:127,2
DA:129,2
LF:30
LH:29
BRDA:21,0,0,11
BRDA:22,1,0,11
BRDA:27,2,0,2
BRDA:31,3,0,2
BRDA:35,4,0,1
BRDA:39,5,0,0
BRDA:43,6,0,2
BRDA:50,7,0,4
BRDA:50,8,0,12
BRDA:50,8,1,9
BRDA:52,9,0,3
BRDA:53,10,0,3
BRDA:57,11,0,1
BRDA:66,12,0,1
BRF:14
BRH:13
end_of_record
TN:
SF:src/products/dto/product-filter.dto.ts
FN:19,(anonymous_2)
FN:25,(anonymous_3)
FN:35,(anonymous_4)
FN:53,(anonymous_5)
FNF:4
FNH:0
FNDA:0,(anonymous_2)
FNDA:0,(anonymous_3)
FNDA:0,(anonymous_4)
FNDA:0,(anonymous_5)
DA:1,0
DA:2,0
DA:4,0
DA:7,0
DA:11,0
DA:15,0
DA:19,0
DA:21,0
DA:25,0
DA:27,0
DA:31,0
DA:35,0
DA:37,0
DA:41,0
DA:45,0
DA:49,0
DA:53,0
DA:55,0
LF:18
LH:0
BRF:0
BRH:0
end_of_record
